########### array before sorts ###########
0	0.381000	55.753000	0.381000	5.715000	n
1	0.381000	55.753000	0.484858	56.541880	n
2	0.484858	56.541880	0.789355	57.277000	n
3	0.789355	57.277000	1.273739	57.908261	n
4	1.273739	57.908261	1.905000	58.392645	n
5	1.905000	58.392645	2.640120	58.697142	n
6	2.640120	58.697142	3.429000	58.801000	n
7	3.429000	2.667000	2.640120	2.770858	n
8	2.640120	2.770858	1.905000	3.075355	n
9	1.905000	3.075355	1.273739	3.559739	n
10	1.273739	3.559739	0.789355	4.191000	n
11	0.789355	4.191000	0.484858	4.926120	n
12	0.484858	4.926120	0.381000	5.715000	n
13	85.471000	5.842000	85.381412	5.034521	n
14	85.381412	5.034521	85.085887	4.277743	n
15	85.085887	4.277743	84.604563	3.623239	n
16	84.604563	3.623239	83.970242	3.115613	n
17	83.970242	3.115613	83.226151	2.789458	n
18	83.226151	2.789458	82.423000	2.667000	n
19	3.429000	2.667000	82.423000	2.667000	n
20	82.423000	58.801000	83.211880	58.697142	n
21	83.211880	58.697142	83.947000	58.392645	n
22	83.947000	58.392645	84.578261	57.908261	n
23	84.578261	57.908261	85.062645	57.277000	n
24	85.062645	57.277000	85.367142	56.541880	n
25	85.367142	56.541880	85.471000	55.753000	n
26	85.471000	55.753000	85.471000	5.842000	n
27	82.423000	58.801000	3.429000	58.801000	n
Tolerance=0.050000.
*Exact match for i=0 and j=12.
*i point 0.381000	55.753000	0.381000	5.715000	y
	*Before flip 	0.484858	4.926120	0.381000	5.715000	y
	*After flip 	0.381000	5.715000	0.484858	4.926120	y
*Exact match for i=1 and j=11.
*i point 0.381000	5.715000	0.484858	4.926120	y
	*Before flip 	0.789355	4.191000	0.484858	4.926120	y
	*After flip 	0.484858	4.926120	0.789355	4.191000	y
*Exact match for i=2 and j=10.
*i point 0.484858	4.926120	0.789355	4.191000	y
	*Before flip 	1.273739	3.559739	0.789355	4.191000	y
	*After flip 	0.789355	4.191000	1.273739	3.559739	y
*Exact match for i=3 and j=9.
*i point 0.789355	4.191000	1.273739	3.559739	y
	*Before flip 	1.905000	3.075355	1.273739	3.559739	y
	*After flip 	1.273739	3.559739	1.905000	3.075355	y
*Exact match for i=4 and j=8.
*i point 1.273739	3.559739	1.905000	3.075355	y
	*Before flip 	2.640120	2.770858	1.905000	3.075355	y
	*After flip 	1.905000	3.075355	2.640120	2.770858	y
*Exact match for i=5 and j=7.
*i point 1.905000	3.075355	2.640120	2.770858	y
	*Before flip 	3.429000	2.667000	2.640120	2.770858	y
	*After flip 	2.640120	2.770858	3.429000	2.667000	y
*Exact match for i=6 and j=19.
*i point 2.640120	2.770858	3.429000	2.667000	y
*Exact match for i=7 and j=18.
*i point 3.429000	2.667000	82.423000	2.667000	y
	*Before flip 	83.226151	2.789458	82.423000	2.667000	y
	*After flip 	82.423000	2.667000	83.226151	2.789458	y
*Exact match for i=8 and j=17.
*i point 82.423000	2.667000	83.226151	2.789458	y
	*Before flip 	83.970242	3.115613	83.226151	2.789458	y
	*After flip 	83.226151	2.789458	83.970242	3.115613	y
*Exact match for i=9 and j=16.
*i point 83.226151	2.789458	83.970242	3.115613	y
	*Before flip 	84.604563	3.623239	83.970242	3.115613	y
	*After flip 	83.970242	3.115613	84.604563	3.623239	y
*Exact match for i=10 and j=15.
*i point 83.970242	3.115613	84.604563	3.623239	y
	*Before flip 	85.085887	4.277743	84.604563	3.623239	y
	*After flip 	84.604563	3.623239	85.085887	4.277743	y
*Exact match for i=11 and j=14.
*i point 84.604563	3.623239	85.085887	4.277743	y
	*Before flip 	85.381412	5.034521	85.085887	4.277743	y
	*After flip 	85.085887	4.277743	85.381412	5.034521	y
*Exact match for i=12 and j=13.
*i point 85.085887	4.277743	85.381412	5.034521	y
	*Before flip 	85.471000	5.842000	85.381412	5.034521	y
	*After flip 	85.381412	5.034521	85.471000	5.842000	y
*Exact match for i=13 and j=26.
*i point 85.381412	5.034521	85.471000	5.842000	y
	*Before flip 	85.471000	55.753000	85.471000	5.842000	y
	*After flip 	85.471000	5.842000	85.471000	55.753000	y
*Exact match for i=14 and j=25.
*i point 85.471000	5.842000	85.471000	55.753000	y
	*Before flip 	85.367142	56.541880	85.471000	55.753000	y
	*After flip 	85.471000	55.753000	85.367142	56.541880	y
*Exact match for i=15 and j=24.
*i point 85.471000	55.753000	85.367142	56.541880	y
	*Before flip 	85.062645	57.277000	85.367142	56.541880	y
	*After flip 	85.367142	56.541880	85.062645	57.277000	y
*Exact match for i=16 and j=23.
*i point 85.367142	56.541880	85.062645	57.277000	y
	*Before flip 	84.578261	57.908261	85.062645	57.277000	y
	*After flip 	85.062645	57.277000	84.578261	57.908261	y
*Exact match for i=17 and j=22.
*i point 85.062645	57.277000	84.578261	57.908261	y
	*Before flip 	83.947000	58.392645	84.578261	57.908261	y
	*After flip 	84.578261	57.908261	83.947000	58.392645	y
*Exact match for i=18 and j=21.
*i point 84.578261	57.908261	83.947000	58.392645	y
	*Before flip 	83.211880	58.697142	83.947000	58.392645	y
	*After flip 	83.947000	58.392645	83.211880	58.697142	y
*Exact match for i=19 and j=20.
*i point 83.947000	58.392645	83.211880	58.697142	y
	*Before flip 	82.423000	58.801000	83.211880	58.697142	y
	*After flip 	83.211880	58.697142	82.423000	58.801000	y
*Exact match for i=20 and j=27.
*i point 83.211880	58.697142	82.423000	58.801000	y
*Exact match for i=21 and j=27.
*i point 82.423000	58.801000	3.429000	58.801000	y
	*Before flip 	2.640120	58.697142	3.429000	58.801000	y
	*After flip 	3.429000	58.801000	2.640120	58.697142	y
*Exact match for i=22 and j=27.
*i point 3.429000	58.801000	2.640120	58.697142	y
	*Before flip 	1.905000	58.392645	2.640120	58.697142	y
	*After flip 	2.640120	58.697142	1.905000	58.392645	y
*Exact match for i=23 and j=27.
*i point 2.640120	58.697142	1.905000	58.392645	y
	*Before flip 	1.273739	57.908261	1.905000	58.392645	y
	*After flip 	1.905000	58.392645	1.273739	57.908261	y
*Exact match for i=24 and j=27.
*i point 1.905000	58.392645	1.273739	57.908261	y
	*Before flip 	0.789355	57.277000	1.273739	57.908261	y
	*After flip 	1.273739	57.908261	0.789355	57.277000	y
*Exact match for i=25 and j=27.
*i point 1.273739	57.908261	0.789355	57.277000	y
	*Before flip 	0.484858	56.541880	0.789355	57.277000	y
	*After flip 	0.789355	57.277000	0.484858	56.541880	y
*Exact match for i=26 and j=27.
*i point 0.789355	57.277000	0.484858	56.541880	y
	*Before flip 	0.381000	55.753000	0.484858	56.541880	y
	*After flip 	0.484858	56.541880	0.381000	55.753000	y
########### array after sorts ###########
0	0.381000	55.753000	0.381000	5.715000	y
1	0.381000	5.715000	0.484858	4.926120	y
2	0.484858	4.926120	0.789355	4.191000	y
3	0.789355	4.191000	1.273739	3.559739	y
4	1.273739	3.559739	1.905000	3.075355	y
5	1.905000	3.075355	2.640120	2.770858	y
6	2.640120	2.770858	3.429000	2.667000	y
7	3.429000	2.667000	82.423000	2.667000	y
8	82.423000	2.667000	83.226151	2.789458	y
9	83.226151	2.789458	83.970242	3.115613	y
10	83.970242	3.115613	84.604563	3.623239	y
11	84.604563	3.623239	85.085887	4.277743	y
12	85.085887	4.277743	85.381412	5.034521	y
13	85.381412	5.034521	85.471000	5.842000	y
14	85.471000	5.842000	85.471000	55.753000	y
15	85.471000	55.753000	85.367142	56.541880	y
16	85.367142	56.541880	85.062645	57.277000	y
17	85.062645	57.277000	84.578261	57.908261	y
18	84.578261	57.908261	83.947000	58.392645	y
19	83.947000	58.392645	83.211880	58.697142	y
20	83.211880	58.697142	82.423000	58.801000	y
21	82.423000	58.801000	3.429000	58.801000	y
22	3.429000	58.801000	2.640120	58.697142	y
23	2.640120	58.697142	1.905000	58.392645	y
24	1.905000	58.392645	1.273739	57.908261	y
25	1.273739	57.908261	0.789355	57.277000	y
26	0.789355	57.277000	0.484858	56.541880	y
27	0.484858	56.541880	0.381000	55.753000	y
***************
.BOARD_OUTLINE UNOWNED
1.6
0     0.381000     55.753000     0
0     0.381000     5.715000     0
0     0.484858     4.926120     0
0     0.789355     4.191000     0
0     1.273739     3.559739     0
0     1.905000     3.075355     0
0     2.640120     2.770858     0
0     3.429000     2.667000     0
0     82.423000     2.667000     0
0     83.226151     2.789458     0
0     83.970242     3.115613     0
0     84.604563     3.623239     0
0     85.085887     4.277743     0
0     85.381412     5.034521     0
0     85.471000     5.842000     0
0     85.471000     55.753000     0
0     85.367142     56.541880     0
0     85.062645     57.277000     0
0     84.578261     57.908261     0
0     83.947000     58.392645     0
0     83.211880     58.697142     0
0     82.423000     58.801000     0
0     3.429000     58.801000     0
0     2.640120     58.697142     0
0     1.905000     58.392645     0
0     1.273739     57.908261     0
0     0.789355     57.277000     0
0     0.484858     56.541880     0
0     0.381000     55.753000     0
